#
# A fatal error has been detected by the Java Runtime Environment:
#
#  EXCEPTION_ACCESS_VIOLATION (0xc0000005) at pc=0x00000000510a6bf2, pid=9004, tid=0x0000000000002680
#
# JRE version: Java(TM) SE Runtime Environment (8.0_171-b11) (build 1.8.0_171-b11)
# Java VM: Java HotSpot(TM) 64-Bit Server VM (25.171-b11 mixed mode windows-amd64 compressed oops)
# Problematic frame:
# V  [jvm.dll+0x76bf2]
#
# Failed to write core dump. Minidumps are not enabled by default on client versions of Windows
#
# If you would like to submit a bug report, please visit:
#   http://bugreport.java.com/bugreport/crash.jsp
#

---------------  T H R E A D  ---------------

Current thread (0x0000000004f9b000):  JavaThread "main" [_thread_in_vm, id=9856, stack(0x0000000005270000,0x0000000005370000)]

siginfo: ExceptionCode=0xc0000005, reading address 0xffffffffffffffff

Registers:
RAX=0x0000000004fc6340, RBX=0x76616a4c2f2a2a2e, RCX=0x0000000004fb3f20, RDX=0x0000000000003baf
RSP=0x000000000536ae40, RBP=0x00000000979d1287, RSI=0x000000000536af40, RDI=0x0000000000000003
R8 =0x0000000023b11934, R9 =0x0000000000000028, R10=0x0000000051030000, R11=0x00000000979d1287
R12=0x0000000000000028, R13=0x0000000023b11934, R14=0x0000000004fb3f20, R15=0x0000000023b11934
RIP=0x00000000510a6bf2, EFLAGS=0x0000000000010206

Top of Stack: (sp=0x000000000536ae40)
0x000000000536ae40:   000011a915e5a1c0 000000005116c500
0x000000000536ae50:   000000000536b660 00000000511d5c7a
0x000000000536ae60:   0000000000000053 0000000000000053
0x000000000536ae70:   000000000536b660 00000000510a6ce4
0x000000000536ae80:   0000000000000028 000000000536afc0
0x000000000536ae90:   000000000536af40 0000000023b11934
0x000000000536aea0:   00000000979d1287 000000000000005f
0x000000000536aeb0:   0000000000000028 00000000510849e9
0x000000000536aec0:   0000000000000028 0000000004f9b000
0x000000000536aed0:   0000000000000000 000000005cae8d17
0x000000000536aee0:   0000000000000002 0000000000000078
0x000000000536aef0:   0000000000000000 0000000000000000
0x000000000536af00:   00000000fffb2800 0000005f00000003
0x000000000536af10:   0000000000005e00 0000000023b11470
0x000000000536af20:   0000000023b11e75 0000000023b1195c
0x000000000536af30:   000000000536ba20 000000000536bf00 

Instructions: (pc=0x00000000510a6bf2)
0x00000000510a6bd2:   48 63 d2 33 ff 48 8b 1c d0 45 8b e1 4d 8b e8 4c
0x00000000510a6be2:   8b f1 48 85 db 74 4a 8b 6c 24 60 0f 1f 00 ff c7
0x00000000510a6bf2:   39 2b 75 16 48 8b 73 10 45 8b c4 49 8b d5 48 8b
0x00000000510a6c02:   ce e8 48 4b 0c 00 84 c0 75 48 48 8b 5b 08 48 83 


Register to memory mapping:

RAX=0x0000000004fc6340 is an unknown value
RBX=0x76616a4c2f2a2a2e is an unknown value
RCX=0x0000000004fb3f20 is an unknown value
RDX=0x0000000000003baf is an unknown value
RSP=0x000000000536ae40 is pointing into the stack for thread: 0x0000000004f9b000
RBP=0x00000000979d1287 is an unknown value
RSI=0x000000000536af40 is pointing into the stack for thread: 0x0000000004f9b000
RDI=0x0000000000000003 is an unknown value
R8 =0x0000000023b11934 is an unknown value
R9 =0x0000000000000028 is an unknown value
R10=0x0000000051030000 is an unknown value
R11=0x00000000979d1287 is an unknown value
R12=0x0000000000000028 is an unknown value
R13=0x0000000023b11934 is an unknown value
R14=0x0000000004fb3f20 is an unknown value
R15=0x0000000023b11934 is an unknown value


Stack: [0x0000000005270000,0x0000000005370000],  sp=0x000000000536ae40,  free space=1003k
Native frames: (J=compiled Java code, j=interpreted, Vv=VM code, C=native code)
V  [jvm.dll+0x76bf2]
V  [jvm.dll+0x76ce4]
V  [jvm.dll+0x549e9]
V  [jvm.dll+0x54de9]
V  [jvm.dll+0x5d190]
V  [jvm.dll+0x7c544]
V  [jvm.dll+0x192731]
V  [jvm.dll+0x192acb]
C  [java.dll+0x1ead]
C  0x00000000057dcb1d

Java frames: (J=compiled Java code, j=interpreted, Vv=VM code)
J 863  java.lang.ClassLoader.defineClass1(Ljava/lang/String;[BIILjava/security/ProtectionDomain;Ljava/lang/String;)Ljava/lang/Class; (0 bytes) @ 0x00000000057dca9f [0x00000000057dca00+0x9f]
J 751 C1 java.lang.ClassLoader.defineClass(Ljava/lang/String;[BIILjava/security/ProtectionDomain;)Ljava/lang/Class; (43 bytes) @ 0x00000000057ac1ac [0x00000000057ac0a0+0x10c]
J 754 C1 java.net.URLClassLoader.defineClass(Ljava/lang/String;Lsun/misc/Resource;)Ljava/lang/Class; (142 bytes) @ 0x00000000057ae664 [0x00000000057adc80+0x9e4]
J 730 C1 java.net.URLClassLoader$1.run()Ljava/lang/Class; (63 bytes) @ 0x00000000057a3f8c [0x00000000057a3ec0+0xcc]
J 729 C1 java.net.URLClassLoader$1.run()Ljava/lang/Object; (5 bytes) @ 0x00000000057a3b94 [0x00000000057a3b60+0x34]
v  ~StubRoutines::call_stub
J 595  java.security.AccessController.doPrivileged(Ljava/security/PrivilegedExceptionAction;Ljava/security/AccessControlContext;)Ljava/lang/Object; (0 bytes) @ 0x00000000057561e6 [0x0000000005756180+0x66]
J 716 C1 java.net.URLClassLoader.findClass(Ljava/lang/String;)Ljava/lang/Class; (47 bytes) @ 0x000000000579e584 [0x000000000579e4c0+0xc4]
J 679 C1 java.lang.ClassLoader.loadClass(Ljava/lang/String;Z)Ljava/lang/Class; (122 bytes) @ 0x000000000578f5b4 [0x000000000578f2a0+0x314]
J 708 C1 sun.misc.Launcher$AppClassLoader.loadClass(Ljava/lang/String;Z)Ljava/lang/Class; (85 bytes) @ 0x000000000579af94 [0x000000000579aca0+0x2f4]
J 707 C1 java.lang.ClassLoader.loadClass(Ljava/lang/String;)Ljava/lang/Class; (7 bytes) @ 0x000000000579a964 [0x000000000579a920+0x44]
v  ~StubRoutines::call_stub
j  org.springframework.beans.factory.support.ConstructorResolver.createArgumentArray(Ljava/lang/String;Lorg/springframework/beans/factory/support/RootBeanDefinition;Lorg/springframework/beans/factory/config/ConstructorArgumentValues;Lorg/springframework/beans/BeanWrapper;[Ljava/lang/Class;[Ljava/lang/String;Ljava/lang/reflect/Executable;Z)Lorg/springframework/beans/factory/support/ConstructorResolver$ArgumentsHolder;+23
j  org.springframework.beans.factory.support.ConstructorResolver.autowireConstructor(Ljava/lang/String;Lorg/springframework/beans/factory/support/RootBeanDefinition;[Ljava/lang/reflect/Constructor;[Ljava/lang/Object;)Lorg/springframework/beans/BeanWrapper;+427
j  org.springframework.beans.factory.support.AbstractAutowireCapableBeanFactory.autowireConstructor(Ljava/lang/String;Lorg/springframework/beans/factory/support/RootBeanDefinition;[Ljava/lang/reflect/Constructor;[Ljava/lang/Object;)Lorg/springframework/beans/BeanWrapper;+13
j  org.springframework.beans.factory.support.AbstractAutowireCapableBeanFactory.createBeanInstance(Ljava/lang/String;Lorg/springframework/beans/factory/support/RootBeanDefinition;[Ljava/lang/Object;)Lorg/springframework/beans/BeanWrapper;+221
j  org.springframework.beans.factory.support.AbstractAutowireCapableBeanFactory.doCreateBean(Ljava/lang/String;Lorg/springframework/beans/factory/support/RootBeanDefinition;[Ljava/lang/Object;)Ljava/lang/Object;+34
j  org.springframework.beans.factory.support.AbstractAutowireCapableBeanFactory.createBean(Ljava/lang/String;Lorg/springframework/beans/factory/support/RootBeanDefinition;[Ljava/lang/Object;)Ljava/lang/Object;+169
j  org.springframework.beans.factory.support.AbstractBeanFactory.lambda$doGetBean$0(Ljava/lang/String;Lorg/springframework/beans/factory/support/RootBeanDefinition;[Ljava/lang/Object;)Ljava/lang/Object;+4
j  org.springframework.beans.factory.support.AbstractBeanFactory$$Lambda$104.getObject()Ljava/lang/Object;+16
j  org.springframework.beans.factory.support.DefaultSingletonBeanRegistry.getSingleton(Ljava/lang/String;Lorg/springframework/beans/factory/ObjectFactory;)Ljava/lang/Object;+132
j  org.springframework.beans.factory.support.AbstractBeanFactory.doGetBean(Ljava/lang/String;Ljava/lang/Class;[Ljava/lang/Object;Z)Ljava/lang/Object;+453
j  org.springframework.beans.factory.support.AbstractBeanFactory.getBean(Ljava/lang/String;Ljava/lang/Class;)Ljava/lang/Object;+5
j  org.springframework.boot.autoconfigure.condition.BeanTypeRegistry.get(Lorg/springframework/beans/factory/ListableBeanFactory;)Lorg/springframework/boot/autoconfigure/condition/BeanTypeRegistry;+65
j  org.springframework.boot.autoconfigure.condition.OnBeanCondition.collectBeanNamesForType(Ljava/util/Set;Lorg/springframework/beans/factory/ListableBeanFactory;Ljava/lang/Class;Z)V+2
j  org.springframework.boot.autoconfigure.condition.OnBeanCondition.getBeanNamesForType(Lorg/springframework/beans/factory/ListableBeanFactory;Ljava/lang/String;Ljava/lang/ClassLoader;Z)Ljava/util/Collection;+20
j  org.springframework.boot.autoconfigure.condition.OnBeanCondition.getMatchingBeans(Lorg/springframework/context/annotation/ConditionContext;Lorg/springframework/boot/autoconfigure/condition/OnBeanCondition$BeanSearchSpec;)Lorg/springframework/boot/autoconfigure/condition/OnBeanCondition$MatchResult;+125
j  org.springframework.boot.autoconfigure.condition.OnBeanCondition.getMatchOutcome(Lorg/springframework/context/annotation/ConditionContext;Lorg/springframework/core/type/AnnotatedTypeMetadata;)Lorg/springframework/boot/autoconfigure/condition/ConditionOutcome;+314
j  org.springframework.boot.autoconfigure.condition.SpringBootCondition.matches(Lorg/springframework/context/annotation/ConditionContext;Lorg/springframework/core/type/AnnotatedTypeMetadata;)Z+8
J 2335 C1 org.springframework.context.annotation.ConditionEvaluator.shouldSkip(Lorg/springframework/core/type/AnnotatedTypeMetadata;Lorg/springframework/context/annotation/ConfigurationCondition$ConfigurationPhase;)Z (250 bytes) @ 0x0000000005a7529c [0x0000000005a74ac0+0x7dc]
j  org.springframework.context.annotation.ConfigurationClassBeanDefinitionReader.loadBeanDefinitionsForBeanMethod(Lorg/springframework/context/annotation/BeanMethod;)V+26
j  org.springframework.context.annotation.ConfigurationClassBeanDefinitionReader.loadBeanDefinitionsForConfigurationClass(Lorg/springframework/context/annotation/ConfigurationClass;Lorg/springframework/context/annotation/ConfigurationClassBeanDefinitionReader$TrackedConditionEvaluator;)V+107
j  org.springframework.context.annotation.ConfigurationClassBeanDefinitionReader.loadBeanDefinitions(Ljava/util/Set;)V+41
j  org.springframework.context.annotation.ConfigurationClassPostProcessor.processConfigBeanDefinitions(Lorg/springframework/beans/factory/support/BeanDefinitionRegistry;)V+376
j  org.springframework.context.annotation.ConfigurationClassPostProcessor.postProcessBeanDefinitionRegistry(Lorg/springframework/beans/factory/support/BeanDefinitionRegistry;)V+107
j  org.springframework.context.support.PostProcessorRegistrationDelegate.invokeBeanDefinitionRegistryPostProcessors(Ljava/util/Collection;Lorg/springframework/beans/factory/support/BeanDefinitionRegistry;)V+28
j  org.springframework.context.support.PostProcessorRegistrationDelegate.invokeBeanFactoryPostProcessors(Lorg/springframework/beans/factory/config/ConfigurableListableBeanFactory;Ljava/util/List;)V+229
j  org.springframework.context.support.AbstractApplicationContext.invokeBeanFactoryPostProcessors(Lorg/springframework/beans/factory/config/ConfigurableListableBeanFactory;)V+5
j  org.springframework.context.support.AbstractApplicationContext.refresh()V+28
j  org.springframework.boot.web.servlet.context.ServletWebServerApplicationContext.refresh()V+1
j  org.springframework.boot.SpringApplication.refresh(Lorg/springframework/context/ApplicationContext;)V+10
j  org.springframework.boot.SpringApplication.refreshContext(Lorg/springframework/context/ConfigurableApplicationContext;)V+2
j  org.springframework.boot.SpringApplication.run([Ljava/lang/String;)Lorg/springframework/context/ConfigurableApplicationContext;+118
j  org.springframework.boot.SpringApplication.run([Ljava/lang/Class;[Ljava/lang/String;)Lorg/springframework/context/ConfigurableApplicationContext;+9
j  org.springframework.boot.SpringApplication.run(Ljava/lang/Class;[Ljava/lang/String;)Lorg/springframework/context/ConfigurableApplicationContext;+9
j  com.xgt.EDUApplication.main([Ljava/lang/String;)V+3
v  ~StubRoutines::call_stub

---------------  P R O C E S S  ---------------

Java Threads: ( => current thread )
  0x0000000022fd3800 JavaThread "RMI TCP Connection(3)-127.0.0.1" daemon [_thread_in_native, id=7460, stack(0x0000000024f10000,0x0000000025010000)]
  0x0000000022fd4800 JavaThread "logback-appender-async_info_file-2" daemon [_thread_blocked, id=8476, stack(0x0000000024a10000,0x0000000024b10000)]
  0x0000000022ecf000 JavaThread "RMI TCP Connection(2)-127.0.0.1" daemon [_thread_in_native, id=10060, stack(0x0000000024900000,0x0000000024a00000)]
  0x0000000022ecc000 JavaThread "RMI Scheduler(0)" daemon [_thread_blocked, id=9212, stack(0x0000000024700000,0x0000000024800000)]
  0x0000000022ec8800 JavaThread "RMI TCP Connection(1)-127.0.0.1" daemon [_thread_in_native, id=8864, stack(0x0000000024570000,0x0000000024670000)]
  0x0000000022d4e000 JavaThread "RMI TCP Accept-0" daemon [_thread_in_native, id=7980, stack(0x0000000024200000,0x0000000024300000)]
  0x0000000022d3c000 JavaThread "RMI TCP Accept-53019" daemon [_thread_in_native, id=9924, stack(0x0000000023ff0000,0x00000000240f0000)]
  0x0000000022d3a000 JavaThread "RMI TCP Accept-0" daemon [_thread_in_native, id=7440, stack(0x0000000023c60000,0x0000000023d60000)]
  0x0000000022029800 JavaThread "Service Thread" daemon [_thread_blocked, id=1904, stack(0x00000000228d0000,0x00000000229d0000)]
  0x0000000022013800 JavaThread "C1 CompilerThread3" daemon [_thread_blocked, id=9276, stack(0x00000000227c0000,0x00000000228c0000)]
  0x0000000022009000 JavaThread "C2 CompilerThread2" daemon [_thread_blocked, id=10008, stack(0x00000000226b0000,0x00000000227b0000)]
  0x0000000021ffb000 JavaThread "C2 CompilerThread1" daemon [_thread_blocked, id=7612, stack(0x00000000224d0000,0x00000000225d0000)]
  0x0000000021ff8800 JavaThread "C2 CompilerThread0" daemon [_thread_blocked, id=9316, stack(0x0000000021610000,0x0000000021710000)]
  0x0000000021ff7000 JavaThread "Monitor Ctrl-Break" daemon [_thread_in_native, id=7040, stack(0x00000000222d0000,0x00000000223d0000)]
  0x0000000020377000 JavaThread "Attach Listener" daemon [_thread_blocked, id=10184, stack(0x0000000021900000,0x0000000021a00000)]
  0x0000000020376800 JavaThread "Signal Dispatcher" daemon [_thread_blocked, id=1200, stack(0x0000000021720000,0x0000000021820000)]
  0x000000001f18b000 JavaThread "Finalizer" daemon [_thread_blocked, id=8520, stack(0x00000000214f0000,0x00000000215f0000)]
  0x000000001f184800 JavaThread "Reference Handler" daemon [_thread_blocked, id=2792, stack(0x00000000213d0000,0x00000000214d0000)]
=>0x0000000004f9b000 JavaThread "main" [_thread_in_vm, id=9856, stack(0x0000000005270000,0x0000000005370000)]

Other Threads:
  0x00000000202f3000 VMThread [stack: 0x0000000021260000,0x0000000021360000] [id=4232]
  0x0000000022d56800 WatcherThread [stack: 0x0000000023e00000,0x0000000023f00000] [id=10204]

VM state:not at safepoint (normal execution)

VM Mutex/Monitor currently owned by a thread: None

Heap:
 PSYoungGen      total 111104K, used 47381K [0x000000076af00000, 0x0000000773000000, 0x00000007c0000000)
  eden space 100352K, 38% used [0x000000076af00000,0x000000076d4882d0,0x0000000771100000)
  from space 10752K, 83% used [0x0000000771c00000,0x00000007724bd310,0x0000000772680000)
  to   space 11264K, 0% used [0x0000000771100000,0x0000000771100000,0x0000000771c00000)
 ParOldGen       total 102912K, used 8878K [0x00000006c0c00000, 0x00000006c7080000, 0x000000076af00000)
  object space 102912K, 8% used [0x00000006c0c00000,0x00000006c14abb60,0x00000006c7080000)
 Metaspace       used 26442K, capacity 27330K, committed 27648K, reserved 1073152K
  class space    used 3544K, capacity 3769K, committed 3840K, reserved 1048576K

Card table byte_map: [0x0000000014930000,0x0000000015130000] byte_map_base: 0x000000001132a000

Marking Bits: (ParMarkBitMap*) 0x00000000518508c0
 Begin Bits: [0x0000000015ff0000, 0x0000000019fc0000)
 End Bits:   [0x0000000019fc0000, 0x000000001df90000)

Polling page: 0x0000000000570000

CodeCache: size=245760Kb used=5618Kb max_used=5618Kb free=240142Kb
 bounds [0x0000000005570000, 0x0000000005af0000, 0x0000000014570000]
 total_blobs=2937 nmethods=2515 adapters=333
 compilation: enabled

Compilation events (10 events):
Event: 4.214 Thread 0x0000000022013800 2511   !   1       java.lang.invoke.MethodHandleNatives::linkMethodHandleConstant (154 bytes)
Event: 4.214 Thread 0x0000000022013800 nmethod 2511 0x0000000005ae9f10 code [0x0000000005aea140, 0x0000000005aea798]
Event: 4.214 Thread 0x0000000022013800 2512       1       java.lang.invoke.MethodHandles$Lookup::linkMethodHandleConstant (185 bytes)
Event: 4.215 Thread 0x0000000022013800 nmethod 2512 0x0000000005aeadd0 code [0x0000000005aeb000, 0x0000000005aeb6f8]
Event: 4.215 Thread 0x0000000022013800 2513       1       java.lang.invoke.InnerClassLambdaMetafactory::access$000 (5 bytes)
Event: 4.215 Thread 0x0000000022013800 nmethod 2513 0x0000000005aebb90 code [0x0000000005aebce0, 0x0000000005aebdd0]
Event: 4.215 Thread 0x0000000022013800 2514       1       java.lang.invoke.InnerClassLambdaMetafactory::access$400 (5 bytes)
Event: 4.215 Thread 0x0000000022013800 nmethod 2514 0x0000000005aebe50 code [0x0000000005aebfa0, 0x0000000005aec090]
Event: 4.225 Thread 0x0000000022013800 2515       1       java.lang.invoke.BoundMethodHandle::<init> (32 bytes)
Event: 4.225 Thread 0x0000000022013800 nmethod 2515 0x0000000005aec350 code [0x0000000005aec4c0, 0x0000000005aec678]

GC Heap History (10 events):
Event: 2.413 GC heap before
{Heap before GC invocations=3 (full 0):
 PSYoungGen      total 76288K, used 73143K [0x000000076af00000, 0x0000000770400000, 0x00000007c0000000)
  eden space 65536K, 100% used [0x000000076af00000,0x000000076ef00000,0x000000076ef00000)
  from space 10752K, 70% used [0x000000076f980000,0x00000007700ede38,0x0000000770400000)
  to   space 10752K, 0% used [0x000000076ef00000,0x000000076ef00000,0x000000076f980000)
 ParOldGen       total 175104K, used 88K [0x00000006c0c00000, 0x00000006cb700000, 0x000000076af00000)
  object space 175104K, 0% used [0x00000006c0c00000,0x00000006c0c16010,0x00000006cb700000)
 Metaspace       used 17527K, capacity 18102K, committed 18176K, reserved 1064960K
  class space    used 2381K, capacity 2511K, committed 2560K, reserved 1048576K
Event: 2.419 GC heap after
Heap after GC invocations=3 (full 0):
 PSYoungGen      total 76288K, used 7786K [0x000000076af00000, 0x0000000770400000, 0x00000007c0000000)
  eden space 65536K, 0% used [0x000000076af00000,0x000000076af00000,0x000000076ef00000)
  from space 10752K, 72% used [0x000000076ef00000,0x000000076f69a970,0x000000076f980000)
  to   space 10752K, 0% used [0x000000076f980000,0x000000076f980000,0x0000000770400000)
 ParOldGen       total 175104K, used 96K [0x00000006c0c00000, 0x00000006cb700000, 0x000000076af00000)
  object space 175104K, 0% used [0x00000006c0c00000,0x00000006c0c18010,0x00000006cb700000)
 Metaspace       used 17527K, capacity 18102K, committed 18176K, reserved 1064960K
  class space    used 2381K, capacity 2511K, committed 2560K, reserved 1048576K
}
Event: 2.735 GC heap before
{Heap before GC invocations=4 (full 0):
 PSYoungGen      total 76288K, used 63624K [0x000000076af00000, 0x0000000770400000, 0x00000007c0000000)
  eden space 65536K, 85% used [0x000000076af00000,0x000000076e587848,0x000000076ef00000)
  from space 10752K, 72% used [0x000000076ef00000,0x000000076f69a970,0x000000076f980000)
  to   space 10752K, 0% used [0x000000076f980000,0x000000076f980000,0x0000000770400000)
 ParOldGen       total 175104K, used 96K [0x00000006c0c00000, 0x00000006cb700000, 0x000000076af00000)
  object space 175104K, 0% used [0x00000006c0c00000,0x00000006c0c18010,0x00000006cb700000)
 Metaspace       used 20595K, capacity 21226K, committed 21296K, reserved 1067008K
  class space    used 2744K, capacity 2909K, committed 2944K, reserved 1048576K
Event: 2.751 GC heap after
Heap after GC invocations=4 (full 0):
 PSYoungGen      total 76288K, used 9109K [0x000000076af00000, 0x0000000774400000, 0x00000007c0000000)
  eden space 65536K, 0% used [0x000000076af00000,0x000000076af00000,0x000000076ef00000)
  from space 10752K, 84% used [0x000000076f980000,0x0000000770265698,0x0000000770400000)
  to   space 10752K, 0% used [0x000000076ef00000,0x000000076ef00000,0x000000076f980000)
 ParOldGen       total 175104K, used 104K [0x00000006c0c00000, 0x00000006cb700000, 0x000000076af00000)
  object space 175104K, 0% used [0x00000006c0c00000,0x00000006c0c1a010,0x00000006cb700000)
 Metaspace       used 20595K, capacity 21226K, committed 21296K, reserved 1067008K
  class space    used 2744K, capacity 2909K, committed 2944K, reserved 1048576K
}
Event: 2.751 GC heap before
{Heap before GC invocations=5 (full 1):
 PSYoungGen      total 76288K, used 9109K [0x000000076af00000, 0x0000000774400000, 0x00000007c0000000)
  eden space 65536K, 0% used [0x000000076af00000,0x000000076af00000,0x000000076ef00000)
  from space 10752K, 84% used [0x000000076f980000,0x0000000770265698,0x0000000770400000)
  to   space 10752K, 0% used [0x000000076ef00000,0x000000076ef00000,0x000000076f980000)
 ParOldGen       total 175104K, used 104K [0x00000006c0c00000, 0x00000006cb700000, 0x000000076af00000)
  object space 175104K, 0% used [0x00000006c0c00000,0x00000006c0c1a010,0x00000006cb700000)
 Metaspace       used 20595K, capacity 21226K, committed 21296K, reserved 1067008K
  class space    used 2744K, capacity 2909K, committed 2944K, reserved 1048576K
Event: 2.791 GC heap after
Heap after GC invocations=5 (full 1):
 PSYoungGen      total 76288K, used 0K [0x000000076af00000, 0x0000000774400000, 0x00000007c0000000)
  eden space 65536K, 0% used [0x000000076af00000,0x000000076af00000,0x000000076ef00000)
  from space 10752K, 0% used [0x000000076f980000,0x000000076f980000,0x0000000770400000)
  to   space 10752K, 0% used [0x000000076ef00000,0x000000076ef00000,0x000000076f980000)
 ParOldGen       total 102912K, used 8862K [0x00000006c0c00000, 0x00000006c7080000, 0x000000076af00000)
  object space 102912K, 8% used [0x00000006c0c00000,0x00000006c14a7b60,0x00000006c7080000)
 Metaspace       used 20595K, capacity 21226K, committed 21296K, reserved 1067008K
  class space    used 2744K, capacity 2909K, committed 2944K, reserved 1048576K
}
Event: 3.158 GC heap before
{Heap before GC invocations=6 (full 1):
 PSYoungGen      total 76288K, used 65536K [0x000000076af00000, 0x0000000774400000, 0x00000007c0000000)
  eden space 65536K, 100% used [0x000000076af00000,0x000000076ef00000,0x000000076ef00000)
  from space 10752K, 0% used [0x000000076f980000,0x000000076f980000,0x0000000770400000)
  to   space 10752K, 0% used [0x000000076ef00000,0x000000076ef00000,0x000000076f980000)
 ParOldGen       total 102912K, used 8862K [0x00000006c0c00000, 0x00000006c7080000, 0x000000076af00000)
  object space 102912K, 8% used [0x00000006c0c00000,0x00000006c14a7b60,0x00000006c7080000)
 Metaspace       used 22405K, capacity 23146K, committed 23168K, reserved 1069056K
  class space    used 2985K, capacity 3187K, committed 3200K, reserved 1048576K
Event: 3.161 GC heap after
Heap after GC invocations=6 (full 1):
 PSYoungGen      total 76288K, used 4447K [0x000000076af00000, 0x0000000772680000, 0x00000007c0000000)
  eden space 65536K, 0% used [0x000000076af00000,0x000000076af00000,0x000000076ef00000)
  from space 10752K, 41% used [0x000000076ef00000,0x000000076f357e60,0x000000076f980000)
  to   space 10752K, 0% used [0x0000000771c00000,0x0000000771c00000,0x0000000772680000)
 ParOldGen       total 102912K, used 8870K [0x00000006c0c00000, 0x00000006c7080000, 0x000000076af00000)
  object space 102912K, 8% used [0x00000006c0c00000,0x00000006c14a9b60,0x00000006c7080000)
 Metaspace       used 22405K, capacity 23146K, committed 23168K, reserved 1069056K
  class space    used 2985K, capacity 3187K, committed 3200K, reserved 1048576K
}
Event: 3.749 GC heap before
{Heap before GC invocations=7 (full 1):
 PSYoungGen      total 76288K, used 69983K [0x000000076af00000, 0x0000000772680000, 0x00000007c0000000)
  eden space 65536K, 100% used [0x000000076af00000,0x000000076ef00000,0x000000076ef00000)
  from space 10752K, 41% used [0x000000076ef00000,0x000000076f357e60,0x000000076f980000)
  to   space 10752K, 0% used [0x0000000771c00000,0x0000000771c00000,0x0000000772680000)
 ParOldGen       total 102912K, used 8870K [0x00000006c0c00000, 0x00000006c7080000, 0x000000076af00000)
  object space 102912K, 8% used [0x00000006c0c00000,0x00000006c14a9b60,0x00000006c7080000)
 Metaspace       used 24638K, capacity 25498K, committed 25600K, reserved 1071104K
  class space    used 3296K, capacity 3505K, committed 3584K, reserved 1048576K
Event: 3.790 GC heap after
Heap after GC invocations=7 (full 1):
 PSYoungGen      total 111104K, used 8948K [0x000000076af00000, 0x0000000773000000, 0x00000007c0000000)
  eden space 100352K, 0% used [0x000000076af00000,0x000000076af00000,0x0000000771100000)
  from space 10752K, 83% used [0x0000000771c00000,0x00000007724bd310,0x0000000772680000)
  to   space 11264K, 0% used [0x0000000771100000,0x0000000771100000,0x0000000771c00000)
 ParOldGen       total 102912K, used 8878K [0x00000006c0c00000, 0x00000006c7080000, 0x000000076af00000)
  object space 102912K, 8% used [0x00000006c0c00000,0x00000006c14abb60,0x00000006c7080000)
 Metaspace       used 24638K, capacity 25498K, committed 25600K, reserved 1071104K
  class space    used 3296K, capacity 3505K, committed 3584K, reserved 1048576K
}

Deoptimization events (0 events):
No events

Classes redefined (0 events):
No events

Internal exceptions (10 events):
Event: 3.423 Thread 0x0000000022ecf000 Exception <a 'java/lang/reflect/InvocationTargetException'> (0x000000076cd4f628) thrown at [C:\re\workspace\8-2-build-windows-amd64-cygwin\jdk8u171\10807\hotspot\src\share\vm\runtime\reflection.cpp, line 1092]
Event: 3.448 Thread 0x0000000004f9b000 Exception <a 'java/security/PrivilegedActionException'> (0x000000076d1d0fe8) thrown at [C:\re\workspace\8-2-build-windows-amd64-cygwin\jdk8u171\10807\hotspot\src\share\vm\prims\jvm.cpp, line 1435]
Event: 3.448 Thread 0x0000000004f9b000 Exception <a 'java/security/PrivilegedActionException'> (0x000000076d1d13e0) thrown at [C:\re\workspace\8-2-build-windows-amd64-cygwin\jdk8u171\10807\hotspot\src\share\vm\prims\jvm.cpp, line 1435]
Event: 3.448 Thread 0x0000000004f9b000 Exception <a 'java/security/PrivilegedActionException'> (0x000000076d1d2f40) thrown at [C:\re\workspace\8-2-build-windows-amd64-cygwin\jdk8u171\10807\hotspot\src\share\vm\prims\jvm.cpp, line 1435]
Event: 3.448 Thread 0x0000000004f9b000 Exception <a 'java/security/PrivilegedActionException'> (0x000000076d1d3338) thrown at [C:\re\workspace\8-2-build-windows-amd64-cygwin\jdk8u171\10807\hotspot\src\share\vm\prims\jvm.cpp, line 1435]
Event: 3.735 Thread 0x0000000004f9b000 Exception <a 'java/lang/ArrayIndexOutOfBoundsException'> (0x000000076ee13420) thrown at [C:\re\workspace\8-2-build-windows-amd64-cygwin\jdk8u171\10807\hotspot\src\share\vm\runtime\sharedRuntime.cpp, line 605]
Event: 3.736 Thread 0x0000000004f9b000 Exception <a 'java/lang/ArrayIndexOutOfBoundsException'> (0x000000076ee14b10) thrown at [C:\re\workspace\8-2-build-windows-amd64-cygwin\jdk8u171\10807\hotspot\src\share\vm\runtime\sharedRuntime.cpp, line 605]
Event: 3.940 Thread 0x0000000022fd3800 Exception <a 'java/lang/reflect/InvocationTargetException'> (0x000000076bd599c0) thrown at [C:\re\workspace\8-2-build-windows-amd64-cygwin\jdk8u171\10807\hotspot\src\share\vm\runtime\reflection.cpp, line 1092]
Event: 4.036 Thread 0x0000000004f9b000 Exception <a 'java/security/PrivilegedActionException'> (0x000000076c5bdf50) thrown at [C:\re\workspace\8-2-build-windows-amd64-cygwin\jdk8u171\10807\hotspot\src\share\vm\prims\jvm.cpp, line 1435]
Event: 4.036 Thread 0x0000000004f9b000 Exception <a 'java/security/PrivilegedActionException'> (0x000000076c5be348) thrown at [C:\re\workspace\8-2-build-windows-amd64-cygwin\jdk8u171\10807\hotspot\src\share\vm\prims\jvm.cpp, line 1435]

Events (10 events):
Event: 4.222 loading class org/springframework/beans/factory/support/ManagedMap
Event: 4.222 loading class org/springframework/beans/factory/support/ManagedMap done
Event: 4.222 loading class org/springframework/beans/factory/support/ManagedProperties
Event: 4.222 loading class org/springframework/beans/factory/support/ManagedProperties done
Event: 4.223 loading class org/springframework/beans/factory/support/AutowireUtils
Event: 4.223 loading class org/springframework/beans/factory/support/AutowireUtils done
Event: 4.225 loading class org/springframework/beans/factory/support/ConstructorResolver$ConstructorPropertiesChecker
Event: 4.225 loading class org/springframework/beans/factory/support/ConstructorResolver$ConstructorPropertiesChecker done
Event: 4.226 loading class org/springframework/beans/factory/support/ConstructorResolver$ArgumentsHolder
Event: 4.226 loading class org/springframework/beans/factory/support/ConstructorResolver$ArgumentsHolder done


Dynamic libraries:
0x000000013f180000 - 0x000000013f1b7000 	C:\Program Files\Java\jdk1.8.0_171\bin\java.exe
0x0000000076d60000 - 0x0000000076f09000 	C:\Windows\SYSTEM32\ntdll.dll
0x0000000076c40000 - 0x0000000076d5f000 	C:\Windows\system32\kernel32.dll
0x000007fefcb70000 - 0x000007fefcbdb000 	C:\Windows\system32\KERNELBASE.dll
0x000007fef7bb0000 - 0x000007fef7bc7000 	C:\InetPub\ftproot\Tipray\Ldterm\ghijt64.DLL
0x000007fefef90000 - 0x000007feff06b000 	C:\Windows\system32\ADVAPI32.dll
0x000007fefebd0000 - 0x000007fefec6f000 	C:\Windows\system32\msvcrt.dll
0x000007fefecd0000 - 0x000007fefecef000 	C:\Windows\SYSTEM32\sechost.dll
0x000007fefeaa0000 - 0x000007fefebcd000 	C:\Windows\system32\RPCRT4.dll
0x0000000076b40000 - 0x0000000076c3a000 	C:\Windows\system32\USER32.dll
0x000007fefd2e0000 - 0x000007fefd347000 	C:\Windows\system32\GDI32.dll
0x000007fefe710000 - 0x000007fefe71e000 	C:\Windows\system32\LPK.dll
0x000007fefe720000 - 0x000007fefe7e9000 	C:\Windows\system32\USP10.dll
0x000007fefb240000 - 0x000007fefb434000 	C:\Windows\WinSxS\amd64_microsoft.windows.common-controls_6595b64144ccf1df_6.0.7601.17514_none_fa396087175ac9ac\COMCTL32.dll
0x000007fefd4d0000 - 0x000007fefd541000 	C:\Windows\system32\SHLWAPI.dll
0x000007fef7a40000 - 0x000007fef7a72000 	C:\Inetpub\ftproot\Tipray\LdTerm\LdHook64.dll
0x000007fef7d40000 - 0x000007fef7db1000 	C:\Windows\system32\WINSPOOL.DRV
0x000007fefe7f0000 - 0x000007fefe9f3000 	C:\Windows\system32\ole32.dll
0x000007fef79e0000 - 0x000007fef7a3b000 	C:\Inetpub\ftproot\Tipray\LdTerm\ghhlp64.dll
0x000007fef7920000 - 0x000007fef79b5000 	C:\Inetpub\ftproot\Tipray\LdTerm\LdSSDTHook64.dll
0x000007fefedf0000 - 0x000007fefee1e000 	C:\Windows\system32\IMM32.DLL
0x000007fefcf90000 - 0x000007fefd099000 	C:\Windows\system32\MSCTF.dll
0x000000005ca80000 - 0x000000005cb52000 	C:\Program Files\Java\jdk1.8.0_171\jre\bin\msvcr100.dll
0x0000000051030000 - 0x00000000518d0000 	C:\Program Files\Java\jdk1.8.0_171\jre\bin\server\jvm.dll
0x000007feee900000 - 0x000007feee909000 	C:\Windows\system32\WSOCK32.dll
0x000007fefd290000 - 0x000007fefd2dd000 	C:\Windows\system32\WS2_32.dll
0x000007fefd0a0000 - 0x000007fefd0a8000 	C:\Windows\system32\NSI.dll
0x000007fefcca0000 - 0x000007fefccdb000 	C:\Windows\system32\WINMM.dll
0x000007fefbb80000 - 0x000007fefbb8c000 	C:\Windows\system32\VERSION.dll
0x0000000076f30000 - 0x0000000076f37000 	C:\Windows\system32\PSAPI.DLL
0x000000006ed80000 - 0x000000006ed8f000 	C:\Program Files\Java\jdk1.8.0_171\jre\bin\verify.dll
0x000000005ecb0000 - 0x000000005ecd9000 	C:\Program Files\Java\jdk1.8.0_171\jre\bin\java.dll
0x000000005ca50000 - 0x000000005ca73000 	C:\Program Files\Java\jdk1.8.0_171\jre\bin\instrument.dll
0x000000006ed60000 - 0x000000006ed76000 	C:\Program Files\Java\jdk1.8.0_171\jre\bin\zip.dll
0x000007fefd550000 - 0x000007fefe2d8000 	C:\Windows\system32\SHELL32.dll
0x000007fefca80000 - 0x000007fefca8f000 	C:\Windows\system32\profapi.dll
0x000007fef9ed0000 - 0x000007fef9eea000 	D:\Program Files\IntelliJ IDEA 2017.3.5\bin\breakgen64.dll
0x000000005ca30000 - 0x000000005ca4a000 	C:\Program Files\Java\jdk1.8.0_171\jre\bin\net.dll
0x000007fefc3b0000 - 0x000007fefc405000 	C:\Windows\system32\mswsock.dll
0x000007fefc3a0000 - 0x000007fefc3a7000 	C:\Windows\System32\wship6.dll
0x0000000073350000 - 0x000000007335d000 	C:\Program Files\Java\jdk1.8.0_171\jre\bin\management.dll
0x000000005ca10000 - 0x000000005ca21000 	C:\Program Files\Java\jdk1.8.0_171\jre\bin\nio.dll
0x000007fefa450000 - 0x000007fefa465000 	C:\Windows\system32\NLAapi.dll
0x000007fef8110000 - 0x000007fef8125000 	C:\Windows\system32\napinsp.dll
0x000007fef8130000 - 0x000007fef8149000 	C:\Windows\system32\pnrpnsp.dll
0x000007fefc230000 - 0x000007fefc28b000 	C:\Windows\system32\DNSAPI.dll
0x000007fef8100000 - 0x000007fef810b000 	C:\Windows\System32\winrnr.dll
0x000007fefbc50000 - 0x000007fefbc57000 	C:\Windows\System32\wshtcpip.dll
0x000007fef9b10000 - 0x000007fef9b37000 	C:\Windows\system32\IPHLPAPI.DLL
0x000007fef9af0000 - 0x000007fef9afb000 	C:\Windows\system32\WINNSI.DLL
0x000007fef8340000 - 0x000007fef8348000 	C:\Windows\system32\rasadhlp.dll
0x000007fef8e70000 - 0x000007fef8ec3000 	C:\Windows\System32\fwpuclnt.dll
0x000007fefc410000 - 0x000007fefc427000 	C:\Windows\system32\CRYPTSP.dll
0x000007fefc0b0000 - 0x000007fefc0f7000 	C:\Windows\system32\rsaenh.dll
0x000007fefbd90000 - 0x000007fefbdae000 	C:\Windows\system32\USERENV.dll
0x000007fefc9b0000 - 0x000007fefc9bf000 	C:\Windows\system32\CRYPTBASE.dll
0x000007fef8e00000 - 0x000007fef8e11000 	C:\Windows\system32\dhcpcsvc6.DLL
0x000007fef8de0000 - 0x000007fef8df8000 	C:\Windows\system32\dhcpcsvc.DLL
0x000007fef7a80000 - 0x000007fef7ba5000 	C:\Windows\system32\dbghelp.dll

VM Arguments:
jvm_args: -XX:TieredStopAtLevel=1 -Xverify:none -Dspring.output.ansi.enabled=always -Dcom.sun.management.jmxremote -Dcom.sun.management.jmxremote.port=53019 -Dcom.sun.management.jmxremote.authenticate=false -Dcom.sun.management.jmxremote.ssl=false -Djava.rmi.server.hostname=localhost -Dspring.liveBeansView.mbeanDomain -Dspring.application.admin.enabled=true -javaagent:D:\Program Files\IntelliJ IDEA 2017.3.5\lib\idea_rt.jar=53020:D:\Program Files\IntelliJ IDEA 2017.3.5\bin -Dfile.encoding=UTF-8 
java_command: com.xgt.EDUApplication --spring.profiles.active=dev --server.port=8004
java_class_path (initial): C:\Program Files\Java\jdk1.8.0_171\jre\lib\charsets.jar;C:\Program Files\Java\jdk1.8.0_171\jre\lib\deploy.jar;C:\Program Files\Java\jdk1.8.0_171\jre\lib\ext\access-bridge-64.jar;C:\Program Files\Java\jdk1.8.0_171\jre\lib\ext\cldrdata.jar;C:\Program Files\Java\jdk1.8.0_171\jre\lib\ext\dnsns.jar;C:\Program Files\Java\jdk1.8.0_171\jre\lib\ext\jaccess.jar;C:\Program Files\Java\jdk1.8.0_171\jre\lib\ext\jfxrt.jar;C:\Program Files\Java\jdk1.8.0_171\jre\lib\ext\localedata.jar;C:\Program Files\Java\jdk1.8.0_171\jre\lib\ext\nashorn.jar;C:\Program Files\Java\jdk1.8.0_171\jre\lib\ext\sunec.jar;C:\Program Files\Java\jdk1.8.0_171\jre\lib\ext\sunjce_provider.jar;C:\Program Files\Java\jdk1.8.0_171\jre\lib\ext\sunmscapi.jar;C:\Program Files\Java\jdk1.8.0_171\jre\lib\ext\sunpkcs11.jar;C:\Program Files\Java\jdk1.8.0_171\jre\lib\ext\zipfs.jar;C:\Program Files\Java\jdk1.8.0_171\jre\lib\javaws.jar;C:\Program Files\Java\jdk1.8.0_171\jre\lib\jce.jar;C:\Program Files\Java\jdk1.8.0_171\jre\lib\jfr.jar;C:\Program Files\Java\jdk1.8.0_171\jre\lib\jfxswt.jar;C:\Program Files\Java\jdk1.8.0_171\jre\lib\jsse.jar;C:\Program Files\Java\jdk1.8.0_171\jre\lib\management-agent.jar;C:\Program Files\Java\jdk1.8.0_171\jre\lib\plugin.jar;C:\Program Files\Java\jdk1.8.0_171\jre\lib\resources.jar;C:\Program Files\Java\jdk1.8.0_171\jre\lib\rt.jar;D:\idea_project\safety_edu\edu-backage\target\classes;D:\work\repository\com\baidu\aip\java-sdk\4.0.0\java-sdk-4.0.0.jar;D:\work\repository\org\json\json\20160810\json-20160810.jar;D:\work\repository\org\apache\httpcomponents\httpmime\4.5.2\httpmime-4.5.2.jar;D:\work\repository\org\apache\httpcomponents\httpclient\4.5.5\httpclient-4.5.5.jar;D:\work\repository\org\apache\httpcomponents\httpcore\4.4.9\httpcore-4.4.9.jar;D:\work\repository\dingtalk\client-sdk.api\1.0.2\client-sdk.api-1.0.2.jar;D:\work\repository\dingtalk\client-sdk.core\1.0.0\client-sdk.core-1.0.0.jar;D:\work\repository\dingtalk\client-sdk.common\1.0.0\client-sdk.common-1.0.0.j
Launcher Type: SUN_STANDARD

Environment Variables:
JAVA_HOME=C:\Program Files\Java\jdk1.8.0_171
CLASSPATH=.;C:\Program Files\Java\jdk1.8.0_171\lib;C:\Program Files\Java\jdk1.8.0_171\lib\tools.jar;
PATH=C:\Windows\system32;C:\Windows;C:\Windows\System32\Wbem;D:\maven\apache-maven-3.5.4\bin;C:\Program Files\Java\jdk1.8.0_171\bin;C:\Program Files\Java\jdk1.8.0_171\jre\bin;C:\Users\888\bin\Sencha\Cmd;C:\Program Files\nodejs\;C:\Program Files\Microsoft SQL Server\130\Tools\Binn\;C:\Program Files\Git\cmd;C:\Program Files (x86)\MySQL\MySQL Utilities 1.6\;;D:\Program Files\Microsoft VS Code\bin;C:\Users\888\AppData\Roaming\npm
USERNAME=888
OS=Windows_NT
PROCESSOR_IDENTIFIER=Intel64 Family 6 Model 58 Stepping 9, GenuineIntel



---------------  S Y S T E M  ---------------

OS: Windows 7 , 64 bit Build 7601 (6.1.7601.18015)

CPU:total 8 (initial active 8) (4 cores per cpu, 2 threads per core) family 6 model 58 stepping 9, cmov, cx8, fxsr, mmx, sse, sse2, sse3, ssse3, sse4.1, sse4.2, popcnt, avx, aes, clmul, erms, ht, tsc, tscinvbit, tscinv

Memory: 4k page, physical 16720044k(9116484k free), swap 33438224k(23734448k free)

vm_info: Java HotSpot(TM) 64-Bit Server VM (25.171-b11) for windows-amd64 JRE (1.8.0_171-b11), built on Mar 28 2018 16:06:12 by "java_re" with MS VC++ 10.0 (VS2010)

time: Mon Jul 02 10:34:26 2018
elapsed time: 4 seconds (0d 0h 0m 4s)

