#
# A fatal error has been detected by the Java Runtime Environment:
#
#  EXCEPTION_ACCESS_VIOLATION (0xc0000005) at pc=0x00000000000003e7, pid=7992, tid=8208
#
# JRE version: Java(TM) SE Runtime Environment (8.0_45-b14) (build 1.8.0_45-b14)
# Java VM: Java HotSpot(TM) 64-Bit Server VM (25.45-b02 mixed mode windows-amd64 compressed oops)
# Problematic frame:
# C  0x00000000000003e7
#
# Failed to write core dump. Minidumps are not enabled by default on client versions of Windows
#
# If you would like to submit a bug report, please visit:
#   http://bugreport.java.com/bugreport/crash.jsp
#

---------------  T H R E A D  ---------------

Current thread (0x0000000058fec800):  JavaThread "C2 CompilerThread0" daemon [_thread_in_native, id=8208, stack(0x000000005a790000,0x000000005a890000)]

siginfo: ExceptionCode=0xc0000005, ExceptionInformation=0x0000000000000008 0x00000000000003e7

Registers:
RAX=0x00000000601ad840, RBX=0x000000005a88cf50, RCX=0x0000000062d2c4a0, RDX=0x0000000062d2c4a0
RSP=0x000000005a88b8f8, RBP=0x0000000000020000, RSI=0x0000000000000b63, RDI=0x0000000062d2c4a0
R8 =0x00000000000005df, R9 =0x000000000000149b, R10=0x0000000000003fff, R11=0x00000000628ef020
R12=0x0000000000002000, R13=0x0000000065efbc70, R14=0x0000000000000409, R15=0x0000000065efbc00
RIP=0x00000000000003e7, EFLAGS=0x0000000000010206

Top of Stack: (sp=0x000000005a88b8f8)
0x000000005a88b8f8:   000000005de1086e 000000005a88cf50
0x000000005a88b908:   0000000000000b6a 0000000000000004
0x000000005a88b918:   000000005de3d6be 000000005a88cf50
0x000000005a88b928:   000000005de10c0c 000000006267b040
0x000000005a88b938:   0000000000000b63 000000005a88e840
0x000000005a88b948:   000000005de32bfe 0000000065efbcd0
0x000000005a88b958:   000000005de112b6 000000005a88cf50
0x000000005a88b968:   0000000000000408 000000005a88cf50
0x000000005a88b978:   0000000000000000 0000000063543450
0x000000005a88b988:   0000000065efbcd0 000000005a88c5d0
0x000000005a88b998:   0000000000000501 00000000628746c0
0x000000005a88b9a8:   000000005de133bb 0000000000000001
0x000000005a88b9b8:   00000000628746c0 0000000065efbc70
0x000000005a88b9c8:   0000000065efbcd8 0000000000000000
0x000000005a88b9d8:   00000000000005e2 0000000063543450
0x000000005a88b9e8:   0000000000000026 0000000065efbc00 

Instructions: (pc=0x00000000000003e7)
0x00000000000003c7:   
[error occurred during error reporting (printing registers, top of stack, instructions near pc), id 0xc0000005]

Register to memory mapping:

RAX=0x00000000601ad840 is an unknown value
RBX=0x000000005a88cf50 is pointing into the stack for thread: 0x0000000058fec800
RCX=0x0000000062d2c4a0 is an unknown value
RDX=0x0000000062d2c4a0 is an unknown value
RSP=0x000000005a88b8f8 is pointing into the stack for thread: 0x0000000058fec800
RBP=0x0000000000020000 is an unknown value
RSI=0x0000000000000b63 is an unknown value
RDI=0x0000000062d2c4a0 is an unknown value
R8 =0x00000000000005df is an unknown value
R9 =0x000000000000149b is an unknown value
R10=0x0000000000003fff is an unknown value
R11=0x00000000628ef020 is an unknown value
R12=0x0000000000002000 is an unknown value
R13=0x0000000065efbc70 is an unknown value
R14=0x0000000000000409 is an unknown value
R15=0x0000000065efbc00 is an unknown value


Stack: [0x000000005a790000,0x000000005a890000],  sp=0x000000005a88b8f8,  free space=1006k
Native frames: (J=compiled Java code, j=interpreted, Vv=VM code, C=native code)
C  0x00000000000003e7


Current CompileTask:
C2:   7937 5112       4       java.lang.invoke.MethodType::makeImpl (66 bytes)


---------------  P R O C E S S  ---------------

Java Threads: ( => current thread )
  0x000000005f77d000 JavaThread "qtp686176044-34" [_thread_blocked, id=6508, stack(0x0000000065d30000,0x0000000065e30000)]
  0x000000005f77c000 JavaThread "qtp686176044-33" [_thread_blocked, id=5716, stack(0x00000000653d0000,0x00000000654d0000)]
  0x000000005fa5e800 JavaThread "qtp686176044-32" [_thread_blocked, id=3464, stack(0x0000000065c30000,0x0000000065d30000)]
  0x000000005fa5e000 JavaThread "qtp686176044-31" [_thread_blocked, id=4856, stack(0x00000000659f0000,0x0000000065af0000)]
  0x000000005fa5d000 JavaThread "qtp686176044-30 Acceptor1 SelectChannelConnector@0.0.0.0:1841" [_thread_blocked, id=8992, stack(0x00000000657e0000,0x00000000658e0000)]
  0x000000005fa5c800 JavaThread "qtp686176044-29 Acceptor0 SelectChannelConnector@0.0.0.0:1841" [_thread_in_native, id=8452, stack(0x00000000656a0000,0x00000000657a0000)]
  0x000000005fa5b800 JavaThread "qtp686176044-28 Selector1" [_thread_in_native, id=2972, stack(0x0000000064df0000,0x0000000064ef0000)]
  0x000000005fa5a800 JavaThread "qtp686176044-27 Selector0" [_thread_in_native, id=7600, stack(0x00000000654f0000,0x00000000655f0000)]
  0x000000005fa5a000 JavaThread "HashSessionScavenger-2" daemon [_thread_blocked, id=8572, stack(0x0000000065290000,0x0000000065390000)]
  0x000000005fa59000 JavaThread "HashSessionScavenger-1" daemon [_thread_blocked, id=5876, stack(0x0000000065100000,0x0000000065200000)]
  0x000000005fa58800 JavaThread "HashSessionScavenger-0" daemon [_thread_blocked, id=3016, stack(0x0000000064f10000,0x0000000065010000)]
  0x000000005fa57800 JavaThread "Thread-11" daemon [_thread_in_native, id=9180, stack(0x0000000064af0000,0x0000000064bf0000)]
  0x000000005c0ab000 JavaThread "Thread-10" daemon [_thread_in_native, id=7160, stack(0x0000000063380000,0x0000000063480000)]
  0x000000005bbbf000 JavaThread "Thread-9" daemon [_thread_blocked, id=9064, stack(0x0000000064660000,0x0000000064760000)]
  0x000000005bcea800 JavaThread "Thread-8" daemon [_thread_blocked, id=1260, stack(0x000000005d6b0000,0x000000005d7b0000)]
  0x000000005c2b2000 JavaThread "Thread-7" daemon [_thread_blocked, id=8132, stack(0x000000005abb0000,0x000000005acb0000)]
  0x000000005c0e5800 JavaThread "Thread-6" daemon [_thread_blocked, id=7164, stack(0x000000005d460000,0x000000005d560000)]
  0x000000005c34c000 JavaThread "Thread-5" daemon [_thread_blocked, id=1696, stack(0x000000005d5a0000,0x000000005d6a0000)]
  0x000000005c380800 JavaThread "Thread-4" daemon [_thread_blocked, id=8852, stack(0x000000005adc0000,0x000000005aec0000)]
  0x000000005bf0e800 JavaThread "Thread-3" daemon [_thread_blocked, id=9008, stack(0x000000005d320000,0x000000005d420000)]
  0x000000005b775800 JavaThread "Thread-2" daemon [_thread_blocked, id=6996, stack(0x000000005d1d0000,0x000000005d2d0000)]
  0x000000005b948000 JavaThread "Thread-1" daemon [_thread_blocked, id=4828, stack(0x000000005ca10000,0x000000005cb10000)]
  0x0000000059093800 JavaThread "Service Thread" daemon [_thread_blocked, id=8912, stack(0x000000005acc0000,0x000000005adc0000)]
  0x0000000059019800 JavaThread "C1 CompilerThread3" daemon [_thread_blocked, id=6988, stack(0x000000005aa90000,0x000000005ab90000)]
  0x0000000059011000 JavaThread "C2 CompilerThread2" daemon [_thread_in_native, id=8776, stack(0x000000005a560000,0x000000005a660000)]
  0x0000000059003000 JavaThread "C2 CompilerThread1" daemon [_thread_in_native, id=5972, stack(0x000000005a890000,0x000000005a990000)]
=>0x0000000058fec800 JavaThread "C2 CompilerThread0" daemon [_thread_in_native, id=8208, stack(0x000000005a790000,0x000000005a890000)]
  0x0000000058fea000 JavaThread "Attach Listener" daemon [_thread_blocked, id=6312, stack(0x000000005a690000,0x000000005a790000)]
  0x0000000058fdf800 JavaThread "Signal Dispatcher" daemon [_thread_blocked, id=8260, stack(0x000000005a460000,0x000000005a560000)]
  0x000000005813d800 JavaThread "Finalizer" daemon [_thread_blocked, id=5424, stack(0x000000005a0e0000,0x000000005a1e0000)]
  0x0000000058f83800 JavaThread "Reference Handler" daemon [_thread_blocked, id=7144, stack(0x000000005a250000,0x000000005a350000)]
  0x00000000049e8000 JavaThread "main" [_thread_in_Java, id=5688, stack(0x00000000000f0000,0x00000000001f0000)]

Other Threads:
  0x0000000058f80800 VMThread [stack: 0x0000000059f70000,0x000000005a070000] [id=6156]
  0x00000000590a5000 WatcherThread [stack: 0x000000005af00000,0x000000005b000000] [id=4136]

VM state:not at safepoint (normal execution)

VM Mutex/Monitor currently owned by a thread: None

Heap:
 PSYoungGen      total 235008K, used 66635K [0x00000000eab00000, 0x00000000fc700000, 0x0000000100000000)
  eden space 211456K, 20% used [0x00000000eab00000,0x00000000ed513140,0x00000000f7980000)
  from space 23552K, 99% used [0x00000000fa480000,0x00000000fbb7fdb0,0x00000000fbb80000)
  to   space 11776K, 0% used [0x00000000fbb80000,0x00000000fbb80000,0x00000000fc700000)
 ParOldGen       total 111616K, used 43978K [0x00000000c0000000, 0x00000000c6d00000, 0x00000000eab00000)
  object space 111616K, 39% used [0x00000000c0000000,0x00000000c2af28c8,0x00000000c6d00000)
 Metaspace       used 27886K, capacity 28886K, committed 29056K, reserved 1075200K
  class space    used 3451K, capacity 3871K, committed 3968K, reserved 1048576K

Card table byte_map: [0x0000000014360000,0x0000000014570000] byte_map_base: 0x0000000013d60000

Marking Bits: (ParMarkBitMap*) 0x000000005e114040
 Begin Bits: [0x0000000015550000, 0x0000000016550000)
 End Bits:   [0x0000000016550000, 0x0000000017550000)

Polling page: 0x0000000000580000

CodeCache: size=245760Kb used=15688Kb max_used=15719Kb free=230071Kb
 bounds [0x0000000004fa0000, 0x0000000005f10000, 0x0000000013fa0000]
 total_blobs=4789 nmethods=4317 adapters=384
 compilation: enabled

Compilation events (10 events):
Event: 7.895 Thread 0x0000000059019800 nmethod 5175 0x0000000005c34250 code [0x0000000005c343c0, 0x0000000005c34738]
Event: 7.895 Thread 0x0000000059019800 5176       3       jdk.nashorn.internal.codegen.CompilerConstants::className (5 bytes)
Event: 7.895 Thread 0x0000000059019800 nmethod 5176 0x0000000005c33ad0 code [0x0000000005c33c60, 0x0000000005c34078]
Event: 7.896 Thread 0x0000000059019800 5177       3       jdk.nashorn.internal.codegen.CompilerConstants$Access::<init> (26 bytes)
Event: 7.896 Thread 0x0000000059019800 nmethod 5177 0x0000000005c33690 code [0x0000000005c337e0, 0x0000000005c339f0]
Event: 7.900 Thread 0x0000000059019800 5178       3       com.google.javascript.jscomp.parsing.parser.LineNumberTable::isLineTerminator (48 bytes)
Event: 7.900 Thread 0x0000000059019800 nmethod 5178 0x0000000005c33350 code [0x0000000005c334a0, 0x0000000005c33610]
Event: 7.905 Thread 0x0000000059019800 5181 %     3       com.google.javascript.jscomp.parsing.parser.LineNumberTable::computeLineStartOffsets @ 19 (103 bytes)
Event: 7.907 Thread 0x0000000059019800 nmethod 5181% 0x0000000005c2fe50 code [0x0000000005c301c0, 0x0000000005c32108]
Event: 7.914 Thread 0x0000000059019800 5182   !   3       java.util.concurrent.ConcurrentHashMap::putVal (362 bytes)

GC Heap History (10 events):
Event: 3.038 GC heap before
{Heap before GC invocations=6 (full 0):
 PSYoungGen      total 71680K, used 71659K [0x00000000eab00000, 0x00000000f4f00000, 0x0000000100000000)
  eden space 66560K, 100% used [0x00000000eab00000,0x00000000eec00000,0x00000000eec00000)
  from space 5120K, 99% used [0x00000000eec00000,0x00000000ef0fac00,0x00000000ef100000)
  to   space 17408K, 0% used [0x00000000f3e00000,0x00000000f3e00000,0x00000000f4f00000)
 ParOldGen       total 87552K, used 29256K [0x00000000c0000000, 0x00000000c5580000, 0x00000000eab00000)
  object space 87552K, 33% used [0x00000000c0000000,0x00000000c1c92120,0x00000000c5580000)
 Metaspace       used 16016K, capacity 16282K, committed 16512K, reserved 1064960K
  class space    used 1799K, capacity 1845K, committed 1920K, reserved 1048576K
Event: 3.048 GC heap after
Heap after GC invocations=6 (full 0):
 PSYoungGen      total 149504K, used 14435K [0x00000000eab00000, 0x00000000f5100000, 0x0000000100000000)
  eden space 132096K, 0% used [0x00000000eab00000,0x00000000eab00000,0x00000000f2c00000)
  from space 17408K, 82% used [0x00000000f3e00000,0x00000000f4c18c90,0x00000000f4f00000)
  to   space 18432K, 0% used [0x00000000f2c00000,0x00000000f2c00000,0x00000000f3e00000)
 ParOldGen       total 87552K, used 29256K [0x00000000c0000000, 0x00000000c5580000, 0x00000000eab00000)
  object space 87552K, 33% used [0x00000000c0000000,0x00000000c1c92120,0x00000000c5580000)
 Metaspace       used 16016K, capacity 16282K, committed 16512K, reserved 1064960K
  class space    used 1799K, capacity 1845K, committed 1920K, reserved 1048576K
}
Event: 4.696 GC heap before
{Heap before GC invocations=7 (full 0):
 PSYoungGen      total 149504K, used 145058K [0x00000000eab00000, 0x00000000f5100000, 0x0000000100000000)
  eden space 132096K, 98% used [0x00000000eab00000,0x00000000f2a8fc78,0x00000000f2c00000)
  from space 17408K, 82% used [0x00000000f3e00000,0x00000000f4c18c90,0x00000000f4f00000)
  to   space 18432K, 0% used [0x00000000f2c00000,0x00000000f2c00000,0x00000000f3e00000)
 ParOldGen       total 87552K, used 29256K [0x00000000c0000000, 0x00000000c5580000, 0x00000000eab00000)
  object space 87552K, 33% used [0x00000000c0000000,0x00000000c1c92120,0x00000000c5580000)
 Metaspace       used 20721K, capacity 21286K, committed 21296K, reserved 1069056K
  class space    used 2416K, capacity 2687K, committed 2688K, reserved 1048576K
Event: 4.716 GC heap after
Heap after GC invocations=7 (full 0):
 PSYoungGen      total 150528K, used 18402K [0x00000000eab00000, 0x00000000fe000000, 0x0000000100000000)
  eden space 132096K, 0% used [0x00000000eab00000,0x00000000eab00000,0x00000000f2c00000)
  from space 18432K, 99% used [0x00000000f2c00000,0x00000000f3df8990,0x00000000f3e00000)
  to   space 26112K, 0% used [0x00000000fc680000,0x00000000fc680000,0x00000000fe000000)
 ParOldGen       total 87552K, used 40018K [0x00000000c0000000, 0x00000000c5580000, 0x00000000eab00000)
  object space 87552K, 45% used [0x00000000c0000000,0x00000000c2714a28,0x00000000c5580000)
 Metaspace       used 20721K, capacity 21286K, committed 21296K, reserved 1069056K
  class space    used 2416K, capacity 2687K, committed 2688K, reserved 1048576K
}
Event: 4.716 GC heap before
{Heap before GC invocations=8 (full 1):
 PSYoungGen      total 150528K, used 18402K [0x00000000eab00000, 0x00000000fe000000, 0x0000000100000000)
  eden space 132096K, 0% used [0x00000000eab00000,0x00000000eab00000,0x00000000f2c00000)
  from space 18432K, 99% used [0x00000000f2c00000,0x00000000f3df8990,0x00000000f3e00000)
  to   space 26112K, 0% used [0x00000000fc680000,0x00000000fc680000,0x00000000fe000000)
 ParOldGen       total 87552K, used 40018K [0x00000000c0000000, 0x00000000c5580000, 0x00000000eab00000)
  object space 87552K, 45% used [0x00000000c0000000,0x00000000c2714a28,0x00000000c5580000)
 Metaspace       used 20721K, capacity 21286K, committed 21296K, reserved 1069056K
  class space    used 2416K, capacity 2687K, committed 2688K, reserved 1048576K
Event: 4.905 GC heap after
Heap after GC invocations=8 (full 1):
 PSYoungGen      total 150528K, used 0K [0x00000000eab00000, 0x00000000fe000000, 0x0000000100000000)
  eden space 132096K, 0% used [0x00000000eab00000,0x00000000eab00000,0x00000000f2c00000)
  from space 18432K, 0% used [0x00000000f2c00000,0x00000000f2c00000,0x00000000f3e00000)
  to   space 26112K, 0% used [0x00000000fc680000,0x00000000fc680000,0x00000000fe000000)
 ParOldGen       total 111616K, used 43962K [0x00000000c0000000, 0x00000000c6d00000, 0x00000000eab00000)
  object space 111616K, 39% used [0x00000000c0000000,0x00000000c2aee8c8,0x00000000c6d00000)
 Metaspace       used 20717K, capacity 21280K, committed 21296K, reserved 1069056K
  class space    used 2415K, capacity 2686K, committed 2688K, reserved 1048576K
}
Event: 6.642 GC heap before
{Heap before GC invocations=9 (full 1):
 PSYoungGen      total 150528K, used 132096K [0x00000000eab00000, 0x00000000fe000000, 0x0000000100000000)
  eden space 132096K, 100% used [0x00000000eab00000,0x00000000f2c00000,0x00000000f2c00000)
  from space 18432K, 0% used [0x00000000f2c00000,0x00000000f2c00000,0x00000000f3e00000)
  to   space 26112K, 0% used [0x00000000fc680000,0x00000000fc680000,0x00000000fe000000)
 ParOldGen       total 111616K, used 43962K [0x00000000c0000000, 0x00000000c6d00000, 0x00000000eab00000)
  object space 111616K, 39% used [0x00000000c0000000,0x00000000c2aee8c8,0x00000000c6d00000)
 Metaspace       used 26664K, capacity 27596K, committed 27776K, reserved 1073152K
  class space    used 3235K, capacity 3660K, committed 3712K, reserved 1048576K
Event: 6.663 GC heap after
Heap after GC invocations=9 (full 1):
 PSYoungGen      total 198656K, used 21228K [0x00000000eab00000, 0x00000000fdb80000, 0x0000000100000000)
  eden space 177152K, 0% used [0x00000000eab00000,0x00000000eab00000,0x00000000f5800000)
  from space 21504K, 98% used [0x00000000fc680000,0x00000000fdb3b228,0x00000000fdb80000)
  to   space 28160K, 0% used [0x00000000fa480000,0x00000000fa480000,0x00000000fc000000)
 ParOldGen       total 111616K, used 43970K [0x00000000c0000000, 0x00000000c6d00000, 0x00000000eab00000)
  object space 111616K, 39% used [0x00000000c0000000,0x00000000c2af08c8,0x00000000c6d00000)
 Metaspace       used 26664K, capacity 27596K, committed 27776K, reserved 1073152K
  class space    used 3235K, capacity 3660K, committed 3712K, reserved 1048576K
}
Event: 7.750 GC heap before
{Heap before GC invocations=10 (full 1):
 PSYoungGen      total 198656K, used 198380K [0x00000000eab00000, 0x00000000fdb80000, 0x0000000100000000)
  eden space 177152K, 100% used [0x00000000eab00000,0x00000000f5800000,0x00000000f5800000)
  from space 21504K, 98% used [0x00000000fc680000,0x00000000fdb3b228,0x00000000fdb80000)
  to   space 28160K, 0% used [0x00000000fa480000,0x00000000fa480000,0x00000000fc000000)
 ParOldGen       total 111616K, used 43970K [0x00000000c0000000, 0x00000000c6d00000, 0x00000000eab00000)
  object space 111616K, 39% used [0x00000000c0000000,0x00000000c2af08c8,0x00000000c6d00000)
 Metaspace       used 27242K, capacity 28190K, committed 28416K, reserved 1073152K
  class space    used 3285K, capacity 3727K, committed 3840K, reserved 1048576K
Event: 7.766 GC heap after
Heap after GC invocations=10 (full 1):
 PSYoungGen      total 235008K, used 23551K [0x00000000eab00000, 0x00000000fc700000, 0x0000000100000000)
  eden space 211456K, 0% used [0x00000000eab00000,0x00000000eab00000,0x00000000f7980000)
  from space 23552K, 99% used [0x00000000fa480000,0x00000000fbb7fdb0,0x00000000fbb80000)
  to   space 11776K, 0% used [0x00000000fbb80000,0x00000000fbb80000,0x00000000fc700000)
 ParOldGen       total 111616K, used 43978K [0x00000000c0000000, 0x00000000c6d00000, 0x00000000eab00000)
  object space 111616K, 39% used [0x00000000c0000000,0x00000000c2af28c8,0x00000000c6d00000)
 Metaspace       used 27242K, capacity 28190K, committed 28416K, reserved 1073152K
  class space    used 3285K, capacity 3727K, committed 3840K, reserved 1048576K
}

Deoptimization events (10 events):
Event: 7.208 Thread 0x00000000049e8000 Uncommon trap: reason=bimorphic action=maybe_recompile pc=0x0000000005c58e8c method=java.util.regex.Pattern$Curly.match(Ljava/util/regex/Matcher;ILjava/lang/CharSequence;)Z @ 19
Event: 7.208 Thread 0x00000000049e8000 Uncommon trap: reason=bimorphic action=maybe_recompile pc=0x0000000005c58e8c method=java.util.regex.Pattern$Curly.match(Ljava/util/regex/Matcher;ILjava/lang/CharSequence;)Z @ 19
Event: 7.225 Thread 0x00000000049e8000 Uncommon trap: reason=bimorphic action=maybe_recompile pc=0x0000000005c58e8c method=java.util.regex.Pattern$Curly.match(Ljava/util/regex/Matcher;ILjava/lang/CharSequence;)Z @ 19
Event: 7.225 Thread 0x00000000049e8000 Uncommon trap: reason=bimorphic action=maybe_recompile pc=0x0000000005c58e8c method=java.util.regex.Pattern$Curly.match(Ljava/util/regex/Matcher;ILjava/lang/CharSequence;)Z @ 19
Event: 7.833 Thread 0x00000000049e8000 Uncommon trap: reason=unstable_if action=reinterpret pc=0x00000000056b2198 method=java.util.regex.Pattern$BmpCharProperty.match(Ljava/util/regex/Matcher;ILjava/lang/CharSequence;)Z @ 34
Event: 7.838 Thread 0x00000000049e8000 Uncommon trap: reason=unstable_if action=reinterpret pc=0x0000000005da5920 method=java.lang.invoke.MethodType$ConcurrentWeakInternSet.expungeStaleElements()V @ 9
Event: 7.858 Thread 0x00000000049e8000 Uncommon trap: reason=speculate_class_check action=maybe_recompile pc=0x00000000058718fc method=java.util.ArrayList.<init>(Ljava/util/Collection;)V @ 36
Event: 7.869 Thread 0x00000000049e8000 Uncommon trap: reason=unstable_if action=reinterpret pc=0x000000000517aa70 method=java.lang.invoke.MethodType.equals(Ljava/lang/invoke/MethodType;)Z @ 8
Event: 7.872 Thread 0x00000000049e8000 Uncommon trap: reason=unstable_if action=reinterpret pc=0x00000000053524d4 method=java.util.concurrent.ConcurrentHashMap.putVal(Ljava/lang/Object;Ljava/lang/Object;Z)Ljava/lang/Object; @ 206
Event: 7.874 Thread 0x00000000049e8000 Uncommon trap: reason=speculate_class_check action=maybe_recompile pc=0x00000000058718fc method=java.util.ArrayList.<init>(Ljava/util/Collection;)V @ 36

Internal exceptions (10 events):
Event: 7.218 Thread 0x00000000049e8000 Exception <a 'java/lang/ClassNotFoundException': com/sencha/command/compile/app/LoadAppCommandBeanInfo> (0x00000000ede2bf00) thrown at [C:\re\workspace\8-2-build-windows-amd64-cygwin\jdk8u45\3457\hotspot\src\share\vm\classfile\systemDictionary.cpp, line 21LdéK@‡@
Event: 7.219 Thread 0x00000000049e8000 Exception <a 'java/lang/ClassNotFoundException': com/sencha/command/compile/app/BaseAppCompileCommandBeanInfo> (0x00000000ede3c858) thrown at [C:\re\workspace\8-2-build-windows-amd64-cygwin\jdk8u45\3457\hotspot\src\share\vm\classfile\systemDictionary.cpp, ÍàÔ0¡‡@
Event: 7.219 Thread 0x00000000049e8000 Exception <a 'java/lang/ClassNotFoundException': com/sencha/command/compile/BaseCompileCommandBeanInfo> (0x00000000ede4c1f8) thrown at [C:\re\workspace\8-2-build-windows-amd64-cygwin\jdk8u45\3457\hotspot\src\share\vm\classfile\systemDictionary.cpp, line 213@Í¿'·@
Event: 7.220 Thread 0x00000000049e8000 Exception <a 'java/lang/ClassNotFoundException': com/sencha/command/BaseSenchaCommandBeanInfo> (0x00000000ede5a388) thrown at [C:\re\workspace\8-2-build-windows-amd64-cygwin\jdk8u45\3457\hotspot\src\share\vm\classfile\systemDictionary.cpp, line 210]
Event: 7.220 Thread 0x00000000049e8000 Exception <a 'java/lang/ClassNotFoundException': com/sencha/cli/CommandBeanInfo> (0x00000000ede66418) thrown at [C:\re\workspace\8-2-build-windows-amd64-cygwin\jdk8u45\3457\hotspot\src\share\vm\classfile\systemDictionary.cpp, line 210]
Event: 7.221 Thread 0x00000000049e8000 Exception <a 'java/lang/ClassNotFoundException': com/sencha/cli/CommandCustomizer> (0x00000000ede72918) thrown at [C:\re\workspace\8-2-build-windows-amd64-cygwin\jdk8u45\3457\hotspot\src\share\vm\classfile\systemDictionary.cpp, line 210]
Event: 7.222 Thread 0x00000000049e8000 Exception <a 'java/lang/ClassNotFoundException': com/sencha/command/BaseSenchaCommandCustomizer> (0x00000000ede846b0) thrown at [C:\re\workspace\8-2-build-windows-amd64-cygwin\jdk8u45\3457\hotspot\src\share\vm\classfile\systemDictionary.cpp, line 210]
Event: 7.222 Thread 0x00000000049e8000 Exception <a 'java/lang/ClassNotFoundException': com/sencha/command/compile/BaseCompileCommandCustomizer> (0x00000000ede9d620) thrown at [C:\re\workspace\8-2-build-windows-amd64-cygwin\jdk8u45\3457\hotspot\src\share\vm\classfile\systemDictionary.cpp, line èRx’T‰@
Event: 7.223 Thread 0x00000000049e8000 Exception <a 'java/lang/ClassNotFoundException': com/sencha/command/compile/app/BaseAppCompileCommandCustomizer> (0x00000000edeb2220) thrown at [C:\re\workspace\8-2-build-windows-amd64-cygwin\jdk8u45\3457\hotspot\src\share\vm\classfile\systemDictionary.cppyZt¯Ë‰@
Event: 7.224 Thread 0x00000000049e8000 Exception <a 'java/lang/ClassNotFoundException': com/sencha/command/compile/app/LoadAppCommandCustomizer> (0x00000000edec50f0) thrown at [C:\re\workspace\8-2-build-windows-amd64-cygwin\jdk8u45\3457\hotspot\src\share\vm\classfile\systemDictionary.cpp, line ôƒx∏ﬂ@

Events (10 events):
Event: 7.914 loading class com/google/javascript/jscomp/parsing/parser/trees/RecordTypeTree
Event: 7.914 loading class com/google/javascript/jscomp/parsing/parser/trees/RecordTypeTree done
Event: 7.914 loading class com/google/javascript/jscomp/parsing/parser/trees/ParameterizedTypeTree
Event: 7.914 loading class com/google/javascript/jscomp/parsing/parser/trees/ParameterizedTypeTree done
Event: 7.914 loading class com/google/javascript/jscomp/parsing/parser/trees/IfStatementTree
Event: 7.914 loading class com/google/javascript/jscomp/parsing/parser/trees/IfStatementTree done
Event: 7.915 loading class com/google/javascript/jscomp/parsing/parser/trees/ExpressionStatementTree
Event: 7.915 loading class com/google/javascript/jscomp/parsing/parser/trees/ExpressionStatementTree done
Event: 7.915 loading class com/google/javascript/jscomp/parsing/parser/trees/IdentifierExpressionTree
Event: 7.915 loading class com/google/javascript/jscomp/parsing/parser/trees/IdentifierExpressionTree done


Dynamic libraries:
0x000000013f3c0000 - 0x000000013f434000 	C:\Users\888\bin\Sencha\Cmd\6.5.2.15\sencha.exe
0x00000000779f0000 - 0x0000000077b99000 	C:\Windows\SYSTEM32\ntdll.dll
0x0000000077790000 - 0x00000000778af000 	C:\Windows\system32\kernel32.dll
0x000007fefd800000 - 0x000007fefd86b000 	C:\Windows\system32\KERNELBASE.dll
0x000007fef8320000 - 0x000007fef8337000 	C:\InetPub\ftproot\Tipray\Ldterm\ghijt64.DLL
0x000007feff420000 - 0x000007feff4fb000 	C:\Windows\system32\ADVAPI32.dll
0x000007feff600000 - 0x000007feff69f000 	C:\Windows\system32\msvcrt.dll
0x000007feffb50000 - 0x000007feffb6f000 	C:\Windows\SYSTEM32\sechost.dll
0x000007feff920000 - 0x000007feffa4d000 	C:\Windows\system32\RPCRT4.dll
0x0000000077690000 - 0x000000007778a000 	C:\Windows\system32\USER32.dll
0x000007fefdee0000 - 0x000007fefdf47000 	C:\Windows\system32\GDI32.dll
0x000007fefdcc0000 - 0x000007fefdcce000 	C:\Windows\system32\LPK.dll
0x000007fefdbf0000 - 0x000007fefdcb9000 	C:\Windows\system32\USP10.dll
0x000007fef78e0000 - 0x000007fef7912000 	C:\Inetpub\ftproot\Tipray\LdTerm\LdHook64.dll
0x000007fef8f90000 - 0x000007fef9001000 	C:\Windows\system32\WINSPOOL.DRV
0x000007fefdcd0000 - 0x000007fefded3000 	C:\Windows\system32\ole32.dll
0x000007fef7880000 - 0x000007fef78db000 	C:\Inetpub\ftproot\Tipray\LdTerm\ghhlp64.dll
0x000007fef74c0000 - 0x000007fef7555000 	C:\Inetpub\ftproot\Tipray\LdTerm\LdSSDTHook64.dll
0x000007feffaa0000 - 0x000007fefface000 	C:\Windows\system32\IMM32.DLL
0x000007feffbf0000 - 0x000007feffcf9000 	C:\Windows\system32\MSCTF.dll
0x000000005d910000 - 0x000000005e193000 	c:\users\888\bin\sencha\cmd\6.5.2.15\jre\bin\server\jvm.dll
0x000007fefaa90000 - 0x000007fefaa99000 	C:\Windows\system32\WSOCK32.dll
0x000007feffa50000 - 0x000007feffa9d000 	C:\Windows\system32\WS2_32.dll
0x000007fefdb80000 - 0x000007fefdb88000 	C:\Windows\system32\NSI.dll
0x000007fefdb40000 - 0x000007fefdb7b000 	C:\Windows\system32\WINMM.dll
0x000007fefc810000 - 0x000007fefc81c000 	C:\Windows\system32\VERSION.dll
0x0000000077bc0000 - 0x0000000077bc7000 	C:\Windows\system32\PSAPI.DLL
0x0000000065910000 - 0x00000000659e2000 	C:\Program Files\Java\jdk1.8.0_171\bin\MSVCR100.dll
0x000000006a7e0000 - 0x000000006a7ef000 	c:\users\888\bin\sencha\cmd\6.5.2.15\jre\bin\verify.dll
0x0000000069190000 - 0x00000000691b9000 	c:\users\888\bin\sencha\cmd\6.5.2.15\jre\bin\java.dll
0x000000006a7c0000 - 0x000000006a7d6000 	c:\users\888\bin\sencha\cmd\6.5.2.15\jre\bin\zip.dll
0x000007fefe5b0000 - 0x000007feff338000 	C:\Windows\system32\SHELL32.dll
0x000007feffad0000 - 0x000007feffb41000 	C:\Windows\system32\SHLWAPI.dll
0x000007fefd710000 - 0x000007fefd71f000 	C:\Windows\system32\profapi.dll
0x0000000180000000 - 0x000000018002e000 	C:\Users\888\bin\Sencha\Cmd\6.5.2.15\.install4j\i4jinst.dll
0x000007feff340000 - 0x000007feff417000 	C:\Windows\system32\OLEAUT32.dll
0x000000006a800000 - 0x000000006a80d000 	C:\Users\888\bin\Sencha\Cmd\6.5.2.15\jre\bin\management.dll
0x000007fef7d50000 - 0x000007fef7d59000 	C:\Users\888\AppData\Local\Temp\jansi-64-1.9.dll
0x00000000677f0000 - 0x000000006788d000 	C:\Windows\WinSxS\amd64_microsoft.vc90.crt_1fc8b3b9a1e18e3b_9.0.30729.4940_none_08e4299fa83d7e3c\MSVCR90.dll
0x0000000069170000 - 0x000000006918a000 	C:\Users\888\bin\Sencha\Cmd\6.5.2.15\jre\bin\net.dll
0x000007fefcf10000 - 0x000007fefcf65000 	C:\Windows\system32\mswsock.dll
0x000007fefcf00000 - 0x000007fefcf07000 	C:\Windows\System32\wship6.dll
0x0000000069150000 - 0x0000000069161000 	C:\Users\888\bin\Sencha\Cmd\6.5.2.15\jre\bin\nio.dll
0x000007fefcf70000 - 0x000007fefcf87000 	C:\Windows\system32\CRYPTSP.dll
0x000007fefcc70000 - 0x000007fefccb7000 	C:\Windows\system32\rsaenh.dll
0x000007fefca10000 - 0x000007fefca2e000 	C:\Windows\system32\USERENV.dll
0x000007fefd640000 - 0x000007fefd64f000 	C:\Windows\system32\CRYPTBASE.dll
0x000007feef9c0000 - 0x000007feefae5000 	C:\Windows\system32\dbghelp.dll

VM Arguments:
jvm_args: -Dexe4j.semaphoreName=Local\c:_users_888_bin_sencha_cmd_6.5.2.15_sencha.exe0 -Dexe4j.isInstall4j=true -Dexe4j.moduleName=C:\Users\888\bin\Sencha\Cmd\6.5.2.15\sencha.exe -Dexe4j.tempDir= -Dexe4j.unextractedPosition=0 -Djava.library.path=C:\Windows\system32;C:\Windows;C:\Windows\System32\Wbem;D:\maven\apache-maven-3.5.4\bin;C:\Program Files\Java\jdk1.8.0_171\bin;C:\Program Files\Java\jdk1.8.0_171\jre\bin;C:\Users\888\bin\Sencha\Cmd;c:\users\888\bin\sencha\cmd\6.5.2.15\jre\bin -Dexe4j.consoleCodepage=cp936 -Dinstall4j.launcherId=159 -Dinstall4j.swt=false -Xms128m -Xmx1024m -Dapple.awt.UIElement=true 
java_command: C:\Users\888\bin\Sencha\Cmd\6.5.2.15\sencha.exe
java_class_path (initial): C:\Users\888\bin\Sencha\Cmd\6.5.2.15\.install4j\i4jruntime.jar;C:\Users\888\bin\Sencha\Cmd\6.5.2.15\.\sencha.jar
Launcher Type: generic

Environment Variables:
JAVA_HOME=C:\Program Files\Java\jdk1.8.0_171
CLASSPATH=.;C:\Program Files\Java\jdk1.8.0_171\lib;C:\Program Files\Java\jdk1.8.0_171\lib\tools.jar;
PATH=C:\Windows\system32;C:\Windows;C:\Windows\System32\Wbem;D:\maven\apache-maven-3.5.4\bin;C:\Program Files\Java\jdk1.8.0_171\bin;C:\Program Files\Java\jdk1.8.0_171\jre\bin;C:\Users\888\bin\Sencha\Cmd;c:\users\888\bin\sencha\cmd\6.5.2.15\jre\bin
USERNAME=888
OS=Windows_NT
PROCESSOR_IDENTIFIER=Intel64 Family 6 Model 58 Stepping 9, GenuineIntel



---------------  S Y S T E M  ---------------

OS: Windows 7 , 64 bit Build 7601 (6.1.7601.17514)

CPU:total 8 (4 cores per cpu, 2 threads per core) family 6 model 58 stepping 9, cmov, cx8, fxsr, mmx, sse, sse2, sse3, ssse3, sse4.1, sse4.2, popcnt, avx, aes, clmul, erms, ht, tsc, tscinvbit, tscinv

Memory: 4k page, physical 16720044k(9814952k free), swap 33438244k(25755848k free)

vm_info: Java HotSpot(TM) 64-Bit Server VM (25.45-b02) for windows-amd64 JRE (1.8.0_45-b14), built on Apr 10 2015 10:34:15 by "java_re" with MS VC++ 10.0 (VS2010)

time: Thu Jun 28 10:14:27 2018
elapsed time: 7 seconds (0d 0h 0m 7s)

